TN:
SF:./src/js/transformer.js
FN:1,(anonymous_1)
FN:3,(anonymous_2)
FN:16,(anonymous_3)
FN:19,visitSubnodes
FN:20,(anonymous_5)
FN:25,startGroup
FN:26,(anonymous_7)
FN:32,addElements
FN:34,(anonymous_9)
FN:37,(anonymous_10)
FN:42,fixShapeStyles
FN:51,styleKeys
FN:52,(anonymous_13)
FN:67,(anonymous_14)
FN:69,(anonymous_15)
FNF:15
FNH:15
FNDA:5,(anonymous_1)
FNDA:53,(anonymous_2)
FNDA:52,(anonymous_3)
FNDA:104,visitSubnodes
FNDA:148,(anonymous_5)
FNDA:208,startGroup
FNDA:2682,(anonymous_7)
FNDA:5165,addElements
FNDA:6130,(anonymous_9)
FNDA:6130,(anonymous_10)
FNDA:7230,fixShapeStyles
FNDA:7230,styleKeys
FNDA:13683,(anonymous_13)
FNDA:17,(anonymous_14)
FNDA:34,(anonymous_15)
DA:1,1
DA:2,5
DA:4,53
DA:6,53
DA:8,52
DA:9,52
DA:10,51
DA:12,1
DA:14,51
DA:17,52
DA:19,1
DA:20,104
DA:21,148
DA:25,1
DA:26,208
DA:27,2682
DA:28,2682
DA:32,1
DA:33,5165
DA:34,5165
DA:35,6130
DA:37,5165
DA:38,6130
DA:42,1
DA:43,7230
DA:44,7230
DA:45,7230
DA:46,7230
DA:48,7230
DA:51,1
DA:52,7230
DA:53,13683
DA:57,52
DA:68,17
DA:69,17
DA:70,34
DA:74,52
DA:76,52
LF:38
LH:38
BRDA:21,1,0,148
BRDA:21,1,1,148
BRDA:28,2,0,2682
BRDA:28,2,1,2680
BRDA:43,3,0,7230
BRDA:43,3,1,0
BRDA:45,4,0,7230
BRDA:45,4,1,2537
BRDA:46,5,0,7230
BRDA:46,5,1,0
BRF:10
BRH:8
end_of_record
TN:
SF:./src/js/palette.js
FN:1,(anonymous_1)
FN:2,path
FN:8,(anonymous_3)
FN:15,(anonymous_4)
FN:18,(anonymous_5)
FN:27,(anonymous_6)
FN:35,(anonymous_7)
FN:45,(anonymous_8)
FN:48,(anonymous_9)
FN:51,(anonymous_10)
FNF:10
FNH:10
FNDA:1,(anonymous_1)
FNDA:15,path
FNDA:63,(anonymous_3)
FNDA:6,(anonymous_4)
FNDA:4,(anonymous_5)
FNDA:1,(anonymous_6)
FNDA:1,(anonymous_7)
FNDA:1,(anonymous_8)
FNDA:6,(anonymous_9)
FNDA:2,(anonymous_10)
DA:1,1
DA:2,1
DA:3,15
DA:9,63
DA:14,1
DA:16,6
DA:19,4
DA:28,1
DA:36,1
DA:46,1
DA:49,6
DA:52,2
LF:12
LH:12
BRDA:10,1,0,6
BRDA:10,1,1,9
BRF:2
BRH:2
end_of_record
TN:
SF:./src/js/stage.js
FN:1,(anonymous_1)
FN:11,calculateSizes
FN:39,(anonymous_3)
FN:41,(anonymous_4)
FN:44,(anonymous_5)
FN:47,(anonymous_6)
FN:50,(anonymous_7)
FN:55,zoomed
FN:61,(anonymous_9)
FN:89,(anonymous_10)
FN:100,(anonymous_11)
FN:105,(anonymous_12)
FN:112,(anonymous_13)
FN:116,(anonymous_14)
FN:128,(anonymous_15)
FN:130,(anonymous_16)
FN:136,(anonymous_17)
FN:144,(anonymous_18)
FN:157,(anonymous_19)
FN:161,(anonymous_20)
FN:164,(anonymous_21)
FN:168,(anonymous_22)
FN:171,(anonymous_23)
FN:174,(anonymous_24)
FN:178,(anonymous_25)
FN:182,(anonymous_26)
FN:184,(anonymous_27)
FN:189,(anonymous_28)
FN:191,(anonymous_29)
FN:197,(anonymous_30)
FN:203,(anonymous_31)
FN:213,(anonymous_32)
FNF:32
FNH:29
FNDA:12,(anonymous_1)
FNDA:4,calculateSizes
FNDA:6,(anonymous_3)
FNDA:9,(anonymous_4)
FNDA:9,(anonymous_5)
FNDA:9,(anonymous_6)
FNDA:9,(anonymous_7)
FNDA:0,zoomed
FNDA:12,(anonymous_9)
FNDA:1,(anonymous_10)
FNDA:3,(anonymous_11)
FNDA:7,(anonymous_12)
FNDA:4,(anonymous_13)
FNDA:3,(anonymous_14)
FNDA:3,(anonymous_15)
FNDA:3,(anonymous_16)
FNDA:12,(anonymous_17)
FNDA:3,(anonymous_18)
FNDA:12,(anonymous_19)
FNDA:12,(anonymous_20)
FNDA:12,(anonymous_21)
FNDA:3,(anonymous_22)
FNDA:3,(anonymous_23)
FNDA:3,(anonymous_24)
FNDA:16,(anonymous_25)
FNDA:12,(anonymous_26)
FNDA:12,(anonymous_27)
FNDA:3,(anonymous_28)
FNDA:12,(anonymous_29)
FNDA:12,(anonymous_30)
FNDA:0,(anonymous_31)
FNDA:0,(anonymous_32)
DA:1,1
DA:2,12
DA:3,12
DA:9,12
DA:11,1
DA:12,4
DA:18,4
DA:19,4
DA:20,4
DA:21,4
DA:22,4
DA:23,4
DA:25,4
DA:39,12
DA:40,6
DA:42,9
DA:45,9
DA:48,9
DA:51,9
DA:55,1
DA:56,0
DA:60,12
DA:62,12
DA:63,12
DA:66,12
DA:73,12
DA:74,12
DA:76,12
DA:77,5
DA:78,5
DA:83,5
DA:90,1
DA:91,0
DA:92,0
DA:93,0
DA:94,0
DA:95,0
DA:98,1
DA:101,3
DA:102,3
DA:103,3
DA:106,7
DA:107,5
DA:109,2
DA:113,4
DA:114,4
DA:116,4
DA:117,3
DA:127,4
DA:128,4
DA:129,3
DA:131,3
DA:137,12
DA:142,4
DA:143,4
DA:144,3
DA:145,3
DA:151,4
DA:153,4
DA:154,4
DA:156,4
DA:158,12
DA:160,4
DA:162,12
DA:164,4
DA:165,12
DA:168,4
DA:169,3
DA:171,4
DA:172,3
DA:174,4
DA:175,3
DA:178,4
DA:179,16
DA:182,4
DA:183,12
DA:185,12
DA:188,4
DA:189,4
DA:190,3
DA:192,12
DA:193,12
DA:197,4
DA:198,12
DA:200,4
DA:201,4
DA:204,0
DA:205,0
DA:206,0
DA:208,0
DA:209,0
DA:211,0
DA:213,0
DA:214,0
DA:215,0
DA:216,0
DA:218,0
DA:219,0
DA:221,0
DA:222,0
DA:223,0
DA:226,0
LF:102
LH:80
BRDA:17,1,0,4
BRDA:17,1,1,4
BRDA:18,2,0,4
BRDA:18,2,1,4
BRDA:19,3,0,0
BRDA:19,3,1,4
BRDA:20,4,0,0
BRDA:20,4,1,4
BRDA:21,5,0,0
BRDA:21,5,1,4
BRDA:62,6,0,12
BRDA:62,6,1,6
BRDA:76,7,0,5
BRDA:76,7,1,7
BRDA:77,8,0,5
BRDA:77,8,1,5
BRDA:77,8,2,4
BRDA:90,9,0,0
BRDA:90,9,1,1
BRDA:92,10,0,0
BRDA:92,10,1,0
BRDA:101,11,0,3
BRDA:101,11,1,2
BRDA:102,12,0,3
BRDA:102,12,1,2
BRDA:106,13,0,5
BRDA:106,13,1,2
BRDA:143,14,0,3
BRDA:143,14,1,1
BRDA:204,15,0,0
BRDA:204,15,1,0
BRF:31
BRH:23
end_of_record
TN:
SF:./src/js/styliseur.js
FN:1,(anonymous_1)
FN:2,(anonymous_2)
FN:3,(anonymous_3)
FN:6,(anonymous_4)
FNF:4
FNH:4
FNDA:1,(anonymous_1)
FNDA:27,(anonymous_2)
FNDA:39,(anonymous_3)
FNDA:55,(anonymous_4)
DA:1,1
DA:2,1
DA:3,27
DA:4,39
DA:5,39
DA:6,39
DA:7,55
DA:10,33
DA:11,33
DA:12,33
DA:13,33
DA:14,33
DA:15,33
DA:16,33
DA:19,18
DA:20,18
DA:22,4
DA:23,0
DA:25,4
DA:32,1
LF:20
LH:19
BRDA:5,1,0,39
BRDA:5,1,1,30
BRDA:6,2,0,39
BRDA:6,2,1,36
BRDA:6,2,2,24
BRDA:7,3,0,24
BRDA:7,3,1,33
BRDA:7,3,2,9
BRDA:7,3,3,18
BRDA:7,3,4,4
BRDA:10,4,0,9
BRDA:10,4,1,24
BRDA:10,5,0,33
BRDA:10,5,1,24
BRDA:11,6,0,33
BRDA:11,6,1,31
BRDA:12,7,0,1
BRDA:12,7,1,32
BRDA:13,8,0,1
BRDA:13,8,1,32
BRDA:15,9,0,33
BRDA:15,9,1,32
BRDA:22,10,0,0
BRDA:22,10,1,4
BRF:24
BRH:23
end_of_record
TN:
SF:./src/js/dot-checker.js
FN:1,(anonymous_1)
FN:3,(anonymous_2)
FN:25,(anonymous_3)
FNF:3
FNH:3
FNDA:4,(anonymous_1)
FNDA:2,(anonymous_2)
FNDA:1,(anonymous_3)
DA:1,1
DA:2,4
DA:4,2
DA:5,2
DA:6,2
DA:12,1
DA:23,2
DA:26,1
LF:8
LH:8
BRF:0
BRH:0
end_of_record
TN:
SF:./src/js/renderer.js
FN:1,(anonymous_1)
FN:5,(anonymous_2)
FN:25,(anonymous_3)
FN:28,(anonymous_4)
FN:36,(anonymous_5)
FN:39,(anonymous_6)
FNF:6
FNH:6
FNDA:6,(anonymous_1)
FNDA:6,(anonymous_2)
FNDA:1,(anonymous_3)
FNDA:3,(anonymous_4)
FNDA:1,(anonymous_5)
FNDA:1,(anonymous_6)
DA:1,1
DA:3,6
DA:5,6
DA:6,6
DA:8,4
DA:9,4
DA:10,1
DA:12,4
DA:14,1
DA:15,1
DA:16,1
DA:18,1
DA:19,1
DA:24,6
DA:26,1
DA:29,3
DA:30,2
DA:32,1
DA:37,1
DA:40,1
LF:20
LH:20
BRDA:6,1,0,4
BRDA:6,1,1,1
BRDA:6,1,2,1
BRDA:9,2,0,1
BRDA:9,2,1,3
BRDA:15,3,0,1
BRDA:15,3,1,1
BRDA:18,4,0,1
BRDA:18,4,1,0
BRDA:29,5,0,2
BRDA:29,5,1,1
BRF:11
BRH:10
end_of_record
TN:
SF:./src/js/pegast.js
FN:1,(anonymous_1)
FN:3,(anonymous_2)
FN:4,(anonymous_3)
FN:5,(anonymous_4)
FNF:4
FNH:3
FNDA:1,(anonymous_1)
FNDA:52,(anonymous_2)
FNDA:15378,(anonymous_3)
FNDA:0,(anonymous_4)
DA:1,1
DA:2,1
DA:4,52
DA:5,15378
LF:4
LH:4
BRDA:5,1,0,8012
BRDA:5,1,1,7366
BRF:2
BRH:2
end_of_record
