TN:
SF:./src/js/transformer.js
FN:1,(anonymous_1)
FN:3,(anonymous_2)
FN:16,(anonymous_3)
FN:19,visitSubnodes
FN:20,(anonymous_5)
FN:25,startGroup
FN:26,(anonymous_7)
FN:32,addElements
FN:34,(anonymous_9)
FN:37,(anonymous_10)
FN:42,fixShapeStyles
FN:51,fixTextStyles
FN:59,styleKeys
FN:60,(anonymous_14)
FN:75,(anonymous_15)
FN:77,(anonymous_16)
FNF:16
FNH:16
FNDA:5,(anonymous_1)
FNDA:51,(anonymous_2)
FNDA:50,(anonymous_3)
FNDA:100,visitSubnodes
FNDA:146,(anonymous_5)
FNDA:200,startGroup
FNDA:2678,(anonymous_7)
FNDA:5159,addElements
FNDA:6122,(anonymous_9)
FNDA:6122,(anonymous_10)
FNDA:7222,fixShapeStyles
FNDA:1821,fixTextStyles
FNDA:9043,styleKeys
FNDA:19133,(anonymous_14)
FNDA:17,(anonymous_15)
FNDA:34,(anonymous_16)
DA:1,1
DA:2,5
DA:4,51
DA:6,51
DA:8,50
DA:9,50
DA:10,49
DA:12,1
DA:14,49
DA:17,50
DA:19,1
DA:20,100
DA:21,146
DA:25,1
DA:26,200
DA:27,2678
DA:28,2678
DA:32,1
DA:33,5159
DA:34,5159
DA:35,6122
DA:37,5159
DA:38,6122
DA:42,1
DA:43,7222
DA:44,7222
DA:45,7222
DA:46,7222
DA:48,7222
DA:51,1
DA:52,1821
DA:53,1821
DA:54,1821
DA:56,1821
DA:59,1
DA:60,9043
DA:61,19133
DA:65,50
DA:76,17
DA:77,17
DA:78,34
DA:82,50
DA:84,50
LF:43
LH:43
BRDA:21,1,0,146
BRDA:21,1,1,146
BRDA:28,2,0,2678
BRDA:28,2,1,2676
BRDA:43,3,0,7222
BRDA:43,3,1,0
BRDA:45,4,0,7222
BRDA:45,4,1,2534
BRDA:46,5,0,7222
BRDA:46,5,1,0
BRDA:52,6,0,1821
BRDA:52,6,1,0
BRDA:54,7,0,1821
BRDA:54,7,1,1821
BRF:14
BRH:11
end_of_record
TN:
SF:./src/js/stage.js
FN:1,(anonymous_1)
FN:11,calculateSizes
FN:39,(anonymous_3)
FN:41,(anonymous_4)
FN:44,(anonymous_5)
FN:47,(anonymous_6)
FN:52,zoomed
FN:58,(anonymous_8)
FN:86,(anonymous_9)
FN:97,(anonymous_10)
FN:102,(anonymous_11)
FN:109,(anonymous_12)
FN:113,(anonymous_13)
FN:125,(anonymous_14)
FN:127,(anonymous_15)
FN:133,(anonymous_16)
FN:141,(anonymous_17)
FN:154,(anonymous_18)
FN:158,(anonymous_19)
FN:161,(anonymous_20)
FN:165,(anonymous_21)
FN:168,(anonymous_22)
FN:171,(anonymous_23)
FN:175,(anonymous_24)
FN:179,(anonymous_25)
FN:181,(anonymous_26)
FN:186,(anonymous_27)
FN:188,(anonymous_28)
FN:194,(anonymous_29)
FN:200,(anonymous_30)
FN:210,(anonymous_31)
FNF:31
FNH:28
FNDA:12,(anonymous_1)
FNDA:3,calculateSizes
FNDA:4,(anonymous_3)
FNDA:7,(anonymous_4)
FNDA:7,(anonymous_5)
FNDA:7,(anonymous_6)
FNDA:0,zoomed
FNDA:11,(anonymous_8)
FNDA:1,(anonymous_9)
FNDA:3,(anonymous_10)
FNDA:6,(anonymous_11)
FNDA:3,(anonymous_12)
FNDA:2,(anonymous_13)
FNDA:2,(anonymous_14)
FNDA:2,(anonymous_15)
FNDA:8,(anonymous_16)
FNDA:2,(anonymous_17)
FNDA:11,(anonymous_18)
FNDA:11,(anonymous_19)
FNDA:11,(anonymous_20)
FNDA:2,(anonymous_21)
FNDA:2,(anonymous_22)
FNDA:2,(anonymous_23)
FNDA:16,(anonymous_24)
FNDA:11,(anonymous_25)
FNDA:10,(anonymous_26)
FNDA:2,(anonymous_27)
FNDA:10,(anonymous_28)
FNDA:11,(anonymous_29)
FNDA:0,(anonymous_30)
FNDA:0,(anonymous_31)
DA:1,1
DA:2,12
DA:3,12
DA:9,12
DA:11,1
DA:12,3
DA:18,3
DA:19,3
DA:20,3
DA:21,3
DA:22,3
DA:23,3
DA:25,3
DA:39,12
DA:40,4
DA:42,7
DA:45,7
DA:48,7
DA:52,1
DA:53,0
DA:57,12
DA:59,11
DA:60,11
DA:63,11
DA:70,11
DA:71,11
DA:73,11
DA:74,5
DA:75,5
DA:80,5
DA:87,1
DA:88,0
DA:89,0
DA:90,0
DA:91,0
DA:92,0
DA:95,1
DA:98,3
DA:99,3
DA:100,3
DA:103,6
DA:104,4
DA:106,2
DA:110,3
DA:111,3
DA:113,3
DA:114,2
DA:124,3
DA:125,3
DA:126,2
DA:128,2
DA:134,8
DA:139,3
DA:140,3
DA:141,2
DA:142,2
DA:148,3
DA:150,3
DA:151,3
DA:153,3
DA:155,11
DA:157,3
DA:159,11
DA:161,3
DA:162,11
DA:165,3
DA:166,2
DA:168,3
DA:169,2
DA:171,3
DA:172,2
DA:175,3
DA:176,16
DA:179,3
DA:180,11
DA:182,10
DA:185,3
DA:186,3
DA:187,2
DA:189,10
DA:190,10
DA:194,3
DA:195,11
DA:197,3
DA:198,3
DA:201,0
DA:202,0
DA:203,0
DA:205,0
DA:206,0
DA:208,0
DA:210,0
DA:211,0
DA:212,0
DA:213,0
DA:215,0
DA:216,0
DA:218,0
DA:219,0
DA:220,0
DA:223,0
LF:101
LH:79
BRDA:17,1,0,3
BRDA:17,1,1,3
BRDA:18,2,0,3
BRDA:18,2,1,3
BRDA:19,3,0,0
BRDA:19,3,1,3
BRDA:20,4,0,0
BRDA:20,4,1,3
BRDA:21,5,0,0
BRDA:21,5,1,3
BRDA:59,6,0,11
BRDA:59,6,1,5
BRDA:73,7,0,5
BRDA:73,7,1,6
BRDA:74,8,0,5
BRDA:74,8,1,5
BRDA:74,8,2,4
BRDA:87,9,0,0
BRDA:87,9,1,1
BRDA:89,10,0,0
BRDA:89,10,1,0
BRDA:98,11,0,3
BRDA:98,11,1,2
BRDA:99,12,0,3
BRDA:99,12,1,2
BRDA:103,13,0,4
BRDA:103,13,1,2
BRDA:140,14,0,2
BRDA:140,14,1,1
BRDA:201,15,0,0
BRDA:201,15,1,0
BRF:31
BRH:23
end_of_record
TN:
SF:./src/js/styliseur.js
FN:1,(anonymous_1)
FN:2,(anonymous_2)
FN:3,(anonymous_3)
FN:6,(anonymous_4)
FNF:4
FNH:4
FNDA:1,(anonymous_1)
FNDA:18,(anonymous_2)
FNDA:32,(anonymous_3)
FNDA:43,(anonymous_4)
DA:1,1
DA:2,1
DA:3,18
DA:4,32
DA:5,32
DA:6,32
DA:7,43
DA:10,25
DA:11,25
DA:12,25
DA:13,25
DA:14,25
DA:15,25
DA:16,25
DA:20,14
DA:21,14
DA:23,4
DA:24,0
DA:26,4
DA:33,1
LF:20
LH:19
BRDA:5,1,0,32
BRDA:5,1,1,25
BRDA:6,2,0,32
BRDA:6,2,1,30
BRDA:6,2,2,19
BRDA:7,3,0,19
BRDA:7,3,1,25
BRDA:7,3,2,7
BRDA:7,3,3,14
BRDA:7,3,4,14
BRDA:7,3,5,4
BRDA:10,4,0,7
BRDA:10,4,1,18
BRDA:10,5,0,25
BRDA:10,5,1,19
BRDA:11,6,0,25
BRDA:11,6,1,25
BRDA:12,7,0,0
BRDA:12,7,1,25
BRDA:13,8,0,0
BRDA:13,8,1,25
BRDA:15,9,0,25
BRDA:15,9,1,25
BRDA:23,10,0,0
BRDA:23,10,1,4
BRF:25
BRH:22
end_of_record
TN:
SF:./src/js/palette.js
FN:1,(anonymous_1)
FN:2,path
FN:8,(anonymous_3)
FN:15,(anonymous_4)
FN:18,(anonymous_5)
FN:27,(anonymous_6)
FN:35,(anonymous_7)
FN:45,(anonymous_8)
FN:48,(anonymous_9)
FN:51,(anonymous_10)
FNF:10
FNH:10
FNDA:1,(anonymous_1)
FNDA:13,path
FNDA:38,(anonymous_3)
FNDA:6,(anonymous_4)
FNDA:4,(anonymous_5)
FNDA:1,(anonymous_6)
FNDA:1,(anonymous_7)
FNDA:1,(anonymous_8)
FNDA:5,(anonymous_9)
FNDA:1,(anonymous_10)
DA:1,1
DA:2,1
DA:3,13
DA:9,38
DA:14,1
DA:16,6
DA:19,4
DA:28,1
DA:36,1
DA:46,1
DA:49,5
DA:52,1
LF:12
LH:12
BRDA:10,1,0,6
BRDA:10,1,1,7
BRF:2
BRH:2
end_of_record
TN:
SF:./src/js/dot-checker.js
FN:1,(anonymous_1)
FN:3,(anonymous_2)
FN:25,(anonymous_3)
FNF:3
FNH:3
FNDA:4,(anonymous_1)
FNDA:2,(anonymous_2)
FNDA:1,(anonymous_3)
DA:1,1
DA:2,4
DA:4,2
DA:5,2
DA:6,2
DA:12,1
DA:23,2
DA:26,1
LF:8
LH:8
BRF:0
BRH:0
end_of_record
TN:
SF:./src/js/renderer.js
FN:1,(anonymous_1)
FN:5,(anonymous_2)
FN:25,(anonymous_3)
FN:28,(anonymous_4)
FN:36,(anonymous_5)
FN:39,(anonymous_6)
FNF:6
FNH:6
FNDA:6,(anonymous_1)
FNDA:6,(anonymous_2)
FNDA:1,(anonymous_3)
FNDA:3,(anonymous_4)
FNDA:1,(anonymous_5)
FNDA:1,(anonymous_6)
DA:1,1
DA:3,6
DA:5,6
DA:6,6
DA:8,4
DA:9,4
DA:10,1
DA:12,4
DA:14,1
DA:15,1
DA:16,1
DA:18,1
DA:19,1
DA:24,6
DA:26,1
DA:29,3
DA:30,2
DA:32,1
DA:37,1
DA:40,1
LF:20
LH:20
BRDA:6,1,0,4
BRDA:6,1,1,1
BRDA:6,1,2,1
BRDA:9,2,0,1
BRDA:9,2,1,3
BRDA:15,3,0,1
BRDA:15,3,1,1
BRDA:18,4,0,1
BRDA:18,4,1,0
BRDA:29,5,0,2
BRDA:29,5,1,1
BRF:11
BRH:10
end_of_record
TN:
SF:./src/js/pegast.js
FN:1,(anonymous_1)
FN:3,(anonymous_2)
FN:4,(anonymous_3)
FN:5,(anonymous_4)
FNF:4
FNH:3
FNDA:1,(anonymous_1)
FNDA:50,(anonymous_2)
FNDA:15351,(anonymous_3)
FNDA:0,(anonymous_4)
DA:1,1
DA:2,1
DA:4,50
DA:5,15351
LF:4
LH:4
BRDA:5,1,0,8000
BRDA:5,1,1,7351
BRF:2
BRH:2
end_of_record
